<?xml version="1.0" encoding="UTF-8"?>
<testsuite xmlns:xsi="http://www.w3.org/2001/XMLSchema-instance" xsi:noNamespaceSchemaLocation="https://maven.apache.org/surefire/maven-surefire-plugin/xsd/surefire-test-report-3.0.xsd" version="3.0" name="io.cucumber.junit.platform.engine.CucumberTestEngine" time="0.336" tests="2" errors="0" skipped="1" failures="0">
  <properties>
[...]
</properties>
  <testcase name="Add two numbers" classname="Addition using custom cucumber-core" time="0.254">
    <system-out><![CDATA[
@smoke @calc @smoke
&amp#27;[1mScenario:&amp#27;[22m Add two numbers       &amp#27;[90m# classpath:features/addition.feature:5&amp#27;[39m
@@Start
  &amp#27;[32m✔&amp#27;[39m &amp#27;[32m&amp#27;[1mGiven &amp#27;[22ma starting total of &amp#27;[1m0&amp#27;[22m&amp#27;[39m &amp#27;[90m# dev.dscode.demo.steps.CalcSteps.start(int)&amp#27;[39m
@@add
  &amp#27;[32m✔&amp#27;[39m &amp#27;[32m&amp#27;[1mWhen &amp#27;[22mI add &amp#27;[1m3&amp#27;[22m and &amp#27;[1m4&amp#27;[22m&amp#27;[39m          &amp#27;[90m# dev.dscode.demo.steps.CalcSteps.add(int,int)&amp#27;[39m
@@verify
  &amp#27;[32m✔&amp#27;[39m &amp#27;[32m&amp#27;[1mThen &amp#27;[22mthe total should be &amp#27;[1m7&amp#27;[22m&amp#27;[39m  &amp#27;[90m# dev.dscode.demo.steps.CalcSteps.verify(int)&amp#27;[39m
]]></system-out>
  </testcase>
  <testcase name="Add negative numbers" classname="Addition using custom cucumber-core" time="0.0">
    <skipped message="&apos;cucumber.filter.tags=( @smoke and not ( @wip ) )&apos; did not match this scenario"/>
  </testcase>
</testsuite>